<?xml version="1.0" encoding="UTF-8"?>
<!-- Generated by org.testng.reporters.JUnitReportReporter -->
<testsuite hostname="Sathwik" failures="0" tests="1" name="com.test.FirstProgramTest" time="13.399" errors="0" timestamp="2022-12-23T08:01:46 EST" skipped="0">
  <testcase classname="com.test.FirstProgramTest" name="TC01" time="13.399"/>
  <system-out/>
</testsuite> <!-- com.test.FirstProgramTest -->
